[2024-06-09T04:52:30.671+0000] {local_task_job_runner.py:120} INFO - ::group::Pre task execution logs
[2024-06-09T04:52:30.686+0000] {taskinstance.py:2076} INFO - Dependencies all met for dep_context=non-requeueable deps ti=<TaskInstance: FinSight_pipeline.apply_transformation_training manual__2024-06-09T04:52:12.742487+00:00 [queued]>
[2024-06-09T04:52:30.691+0000] {taskinstance.py:2076} INFO - Dependencies all met for dep_context=requeueable deps ti=<TaskInstance: FinSight_pipeline.apply_transformation_training manual__2024-06-09T04:52:12.742487+00:00 [queued]>
[2024-06-09T04:52:30.693+0000] {taskinstance.py:2306} INFO - Starting attempt 1 of 1
[2024-06-09T04:52:30.702+0000] {taskinstance.py:2330} INFO - Executing <Task(PythonOperator): apply_transformation_training> on 2024-06-09 04:52:12.742487+00:00
[2024-06-09T04:52:30.709+0000] {warnings.py:110} WARNING - /home/***/.local/lib/python3.12/site-packages/***/task/task_runner/standard_task_runner.py:61: DeprecationWarning: This process (pid=2235) is multi-threaded, use of fork() may lead to deadlocks in the child.
  pid = os.fork()

[2024-06-09T04:52:30.710+0000] {standard_task_runner.py:63} INFO - Started process 2266 to run task
[2024-06-09T04:52:30.711+0000] {standard_task_runner.py:90} INFO - Running: ['***', 'tasks', 'run', 'FinSight_pipeline', 'apply_transformation_training', 'manual__2024-06-09T04:52:12.742487+00:00', '--job-id', '89', '--raw', '--subdir', 'DAGS_FOLDER/FinSight/finsight_pipeline_taks.py', '--cfg-path', '/tmp/tmpdf0yjw2s']
[2024-06-09T04:52:30.714+0000] {standard_task_runner.py:91} INFO - Job 89: Subtask apply_transformation_training
[2024-06-09T04:52:30.769+0000] {task_command.py:426} INFO - Running <TaskInstance: FinSight_pipeline.apply_transformation_training manual__2024-06-09T04:52:12.742487+00:00 [running]> on host bc9e3c56deeb
[2024-06-09T04:52:30.839+0000] {taskinstance.py:2648} INFO - Exporting env vars: AIRFLOW_CTX_DAG_OWNER='Group 2' AIRFLOW_CTX_DAG_ID='FinSight_pipeline' AIRFLOW_CTX_TASK_ID='apply_transformation_training' AIRFLOW_CTX_EXECUTION_DATE='2024-06-09T04:52:12.742487+00:00' AIRFLOW_CTX_TRY_NUMBER='1' AIRFLOW_CTX_DAG_RUN_ID='manual__2024-06-09T04:52:12.742487+00:00'
[2024-06-09T04:52:30.840+0000] {taskinstance.py:430} INFO - ::endgroup::
[2024-06-09T04:52:30.850+0000] {finsight_pipeline_functions.py:211} INFO - Applying transformations to DataFrame.
[2024-06-09T04:52:30.866+0000] {python.py:237} INFO - Done. Returned value was:                 Open      High       Low     Close  Adj Close    Volume
Date                                                                   
2005-07-21  0.029615  0.027619  0.029597  0.027921   0.027921  0.072513
2009-07-20  0.087037  0.085549  0.086339  0.086465   0.086465  0.187636
2005-08-31  0.039116  0.037208  0.039131  0.038125   0.038125  0.100305
2007-03-13  0.038160  0.036214  0.037874  0.036026   0.036026  0.181709
2013-11-19  0.702955  0.710703  0.695272  0.694290   0.694290  0.334955
...              ...       ...       ...       ...        ...       ...
2010-01-06  0.101631  0.103630  0.100483  0.104131   0.104131  0.459431
2014-01-10  0.697342  0.693761  0.687498  0.683587   0.683587  0.318585
2013-07-30  0.504683  0.505846  0.501598  0.499912   0.499912  0.211793
2004-08-12  0.027536  0.025506  0.026978  0.025282   0.025282  0.272885
2003-10-23  0.047733  0.047709  0.047408  0.047488   0.047488  0.456495

[2183 rows x 6 columns]
[2024-06-09T04:52:30.872+0000] {taskinstance.py:441} INFO - ::group::Post task execution logs
[2024-06-09T04:52:30.889+0000] {taskinstance.py:1206} INFO - Marking task as SUCCESS. dag_id=FinSight_pipeline, task_id=apply_transformation_training, run_id=manual__2024-06-09T04:52:12.742487+00:00, execution_date=20240609T045212, start_date=20240609T045230, end_date=20240609T045230
[2024-06-09T04:52:30.933+0000] {local_task_job_runner.py:240} INFO - Task exited with return code 0
[2024-06-09T04:52:30.941+0000] {local_task_job_runner.py:222} INFO - ::endgroup::
