[2024-06-09T02:49:00.537+0000] {local_task_job_runner.py:120} INFO - ::group::Pre task execution logs
[2024-06-09T02:49:00.559+0000] {taskinstance.py:2076} INFO - Dependencies all met for dep_context=non-requeueable deps ti=<TaskInstance: FinSight_pipeline.download_upload_data manual__2024-06-09T02:48:58.664049+00:00 [queued]>
[2024-06-09T02:49:00.567+0000] {taskinstance.py:2076} INFO - Dependencies all met for dep_context=requeueable deps ti=<TaskInstance: FinSight_pipeline.download_upload_data manual__2024-06-09T02:48:58.664049+00:00 [queued]>
[2024-06-09T02:49:00.568+0000] {taskinstance.py:2306} INFO - Starting attempt 1 of 1
[2024-06-09T02:49:00.578+0000] {taskinstance.py:2330} INFO - Executing <Task(PythonOperator): download_upload_data> on 2024-06-09 02:48:58.664049+00:00
[2024-06-09T02:49:00.594+0000] {warnings.py:110} WARNING - /home/***/.local/lib/python3.12/site-packages/***/task/task_runner/standard_task_runner.py:61: DeprecationWarning: This process (pid=312) is multi-threaded, use of fork() may lead to deadlocks in the child.
  pid = os.fork()

[2024-06-09T02:49:00.600+0000] {standard_task_runner.py:63} INFO - Started process 322 to run task
[2024-06-09T02:49:00.597+0000] {standard_task_runner.py:90} INFO - Running: ['***', 'tasks', 'run', 'FinSight_pipeline', 'download_upload_data', 'manual__2024-06-09T02:48:58.664049+00:00', '--job-id', '47', '--raw', '--subdir', 'DAGS_FOLDER/FinSight/finsight_pipeline_taks.py', '--cfg-path', '/tmp/tmpmvl3pt57']
[2024-06-09T02:49:00.606+0000] {standard_task_runner.py:91} INFO - Job 47: Subtask download_upload_data
[2024-06-09T02:49:00.692+0000] {task_command.py:426} INFO - Running <TaskInstance: FinSight_pipeline.download_upload_data manual__2024-06-09T02:48:58.664049+00:00 [running]> on host bc9e3c56deeb
[2024-06-09T02:49:00.816+0000] {taskinstance.py:2648} INFO - Exporting env vars: AIRFLOW_CTX_DAG_OWNER='Group 2' AIRFLOW_CTX_DAG_ID='FinSight_pipeline' AIRFLOW_CTX_TASK_ID='download_upload_data' AIRFLOW_CTX_EXECUTION_DATE='2024-06-09T02:48:58.664049+00:00' AIRFLOW_CTX_TRY_NUMBER='1' AIRFLOW_CTX_DAG_RUN_ID='manual__2024-06-09T02:48:58.664049+00:00'
[2024-06-09T02:49:00.817+0000] {taskinstance.py:430} INFO - ::endgroup::
[2024-06-09T02:49:00.826+0000] {finsight_pipeline_functions.py:20} INFO - Downloading data for NFLX from 2002-01-01 to 2022-12-31.
[2024-06-09T02:49:01.325+0000] {logging_mixin.py:188} WARNING - [*********************100%%**********************]  1 of 1 completed
[2024-06-09T02:49:01.397+0000] {finsight_pipeline_functions.py:25} INFO - Data downloaded and saved as NFLX_stock_data_2002-01-01_2022-12-31.csv
[2024-06-09T02:49:01.399+0000] {finsight_pipeline_functions.py:26} INFO - Data uploaded and saved to . as NFLX_stock_data_2002-01-01_2022-12-31.csv
[2024-06-09T02:49:01.402+0000] {python.py:237} INFO - Done. Returned value was:                   Open        High  ...   Adj Close     Volume
Date                                ...                       
2002-05-23    1.156429    1.242857  ...    1.196429  104790000
2002-05-24    1.214286    1.225000  ...    1.210000   11104800
2002-05-28    1.213571    1.232143  ...    1.157143    6609400
2002-05-29    1.164286    1.164286  ...    1.103571    6757800
2002-05-30    1.107857    1.107857  ...    1.071429   10154200
...                ...         ...  ...         ...        ...
2022-12-23  296.179993  298.459991  ...  294.959991    4251100
2022-12-27  293.190002  293.570007  ...  284.170013    5778100
2022-12-28  281.920013  285.190002  ...  276.880005    5964400
2022-12-29  283.179993  295.500000  ...  291.119995    9588500
2022-12-30  285.529999  295.010010  ...  294.880005    7566900

[5189 rows x 6 columns]
[2024-06-09T02:49:01.419+0000] {taskinstance.py:441} INFO - ::group::Post task execution logs
[2024-06-09T02:49:01.467+0000] {taskinstance.py:1206} INFO - Marking task as SUCCESS. dag_id=FinSight_pipeline, task_id=download_upload_data, run_id=manual__2024-06-09T02:48:58.664049+00:00, execution_date=20240609T024858, start_date=20240609T024900, end_date=20240609T024901
[2024-06-09T02:49:01.521+0000] {local_task_job_runner.py:240} INFO - Task exited with return code 0
[2024-06-09T02:49:01.543+0000] {taskinstance.py:3498} INFO - 1 downstream tasks scheduled from follow-on schedule check
[2024-06-09T02:49:01.544+0000] {local_task_job_runner.py:222} INFO - ::endgroup::
