[2024-06-09T04:52:17.343+0000] {local_task_job_runner.py:120} INFO - ::group::Pre task execution logs
[2024-06-09T04:52:17.356+0000] {taskinstance.py:2076} INFO - Dependencies all met for dep_context=non-requeueable deps ti=<TaskInstance: FinSight_pipeline.visualize_data manual__2024-06-09T04:52:12.742487+00:00 [queued]>
[2024-06-09T04:52:17.361+0000] {taskinstance.py:2076} INFO - Dependencies all met for dep_context=requeueable deps ti=<TaskInstance: FinSight_pipeline.visualize_data manual__2024-06-09T04:52:12.742487+00:00 [queued]>
[2024-06-09T04:52:17.361+0000] {taskinstance.py:2306} INFO - Starting attempt 1 of 1
[2024-06-09T04:52:17.368+0000] {taskinstance.py:2330} INFO - Executing <Task(PythonOperator): visualize_data> on 2024-06-09 04:52:12.742487+00:00
[2024-06-09T04:52:17.373+0000] {warnings.py:110} WARNING - /home/***/.local/lib/python3.12/site-packages/***/task/task_runner/standard_task_runner.py:61: DeprecationWarning: This process (pid=2073) is multi-threaded, use of fork() may lead to deadlocks in the child.
  pid = os.fork()

[2024-06-09T04:52:17.374+0000] {standard_task_runner.py:63} INFO - Started process 2083 to run task
[2024-06-09T04:52:17.374+0000] {standard_task_runner.py:90} INFO - Running: ['***', 'tasks', 'run', 'FinSight_pipeline', 'visualize_data', 'manual__2024-06-09T04:52:12.742487+00:00', '--job-id', '73', '--raw', '--subdir', 'DAGS_FOLDER/FinSight/finsight_pipeline_taks.py', '--cfg-path', '/tmp/tmpcpe96avq']
[2024-06-09T04:52:17.376+0000] {standard_task_runner.py:91} INFO - Job 73: Subtask visualize_data
[2024-06-09T04:52:17.398+0000] {task_command.py:426} INFO - Running <TaskInstance: FinSight_pipeline.visualize_data manual__2024-06-09T04:52:12.742487+00:00 [running]> on host bc9e3c56deeb
[2024-06-09T04:52:17.433+0000] {taskinstance.py:2648} INFO - Exporting env vars: AIRFLOW_CTX_DAG_OWNER='***' AIRFLOW_CTX_DAG_ID='FinSight_pipeline' AIRFLOW_CTX_TASK_ID='visualize_data' AIRFLOW_CTX_EXECUTION_DATE='2024-06-09T04:52:12.742487+00:00' AIRFLOW_CTX_TRY_NUMBER='1' AIRFLOW_CTX_DAG_RUN_ID='manual__2024-06-09T04:52:12.742487+00:00'
[2024-06-09T04:52:17.434+0000] {taskinstance.py:430} INFO - ::endgroup::
[2024-06-09T04:52:17.447+0000] {finsight_pipeline_functions.py:44} INFO - Converting 'Date' column to datetime format and setting it as index.
[2024-06-09T04:52:17.449+0000] {finsight_pipeline_functions.py:48} INFO - Plotting data.
[2024-06-09T04:52:17.764+0000] {python.py:237} INFO - Done. Returned value was: None
[2024-06-09T04:52:17.764+0000] {taskinstance.py:441} INFO - ::group::Post task execution logs
[2024-06-09T04:52:17.769+0000] {taskinstance.py:1206} INFO - Marking task as SUCCESS. dag_id=FinSight_pipeline, task_id=visualize_data, run_id=manual__2024-06-09T04:52:12.742487+00:00, execution_date=20240609T045212, start_date=20240609T045217, end_date=20240609T045217
[2024-06-09T04:52:17.820+0000] {local_task_job_runner.py:240} INFO - Task exited with return code 0
[2024-06-09T04:52:17.838+0000] {taskinstance.py:3498} INFO - 1 downstream tasks scheduled from follow-on schedule check
[2024-06-09T04:52:17.839+0000] {local_task_job_runner.py:222} INFO - ::endgroup::
