[2024-06-09T03:14:24.520+0000] {local_task_job_runner.py:120} INFO - ::group::Pre task execution logs
[2024-06-09T03:14:24.532+0000] {taskinstance.py:2076} INFO - Dependencies all met for dep_context=non-requeueable deps ti=<TaskInstance: FinSight_pipeline.download_upload_data manual__2024-06-09T03:14:22.083352+00:00 [queued]>
[2024-06-09T03:14:24.536+0000] {taskinstance.py:2076} INFO - Dependencies all met for dep_context=requeueable deps ti=<TaskInstance: FinSight_pipeline.download_upload_data manual__2024-06-09T03:14:22.083352+00:00 [queued]>
[2024-06-09T03:14:24.536+0000] {taskinstance.py:2306} INFO - Starting attempt 1 of 1
[2024-06-09T03:14:24.543+0000] {taskinstance.py:2330} INFO - Executing <Task(PythonOperator): download_upload_data> on 2024-06-09 03:14:22.083352+00:00
[2024-06-09T03:14:24.549+0000] {warnings.py:110} WARNING - /home/***/.local/lib/python3.12/site-packages/***/task/task_runner/standard_task_runner.py:61: DeprecationWarning: This process (pid=795) is multi-threaded, use of fork() may lead to deadlocks in the child.
  pid = os.fork()

[2024-06-09T03:14:24.551+0000] {standard_task_runner.py:63} INFO - Started process 805 to run task
[2024-06-09T03:14:24.551+0000] {standard_task_runner.py:90} INFO - Running: ['***', 'tasks', 'run', 'FinSight_pipeline', 'download_upload_data', 'manual__2024-06-09T03:14:22.083352+00:00', '--job-id', '60', '--raw', '--subdir', 'DAGS_FOLDER/FinSight/finsight_pipeline_taks.py', '--cfg-path', '/tmp/tmp6i9a5hyo']
[2024-06-09T03:14:24.553+0000] {standard_task_runner.py:91} INFO - Job 60: Subtask download_upload_data
[2024-06-09T03:14:24.584+0000] {task_command.py:426} INFO - Running <TaskInstance: FinSight_pipeline.download_upload_data manual__2024-06-09T03:14:22.083352+00:00 [running]> on host bc9e3c56deeb
[2024-06-09T03:14:24.629+0000] {taskinstance.py:2648} INFO - Exporting env vars: AIRFLOW_CTX_DAG_OWNER='Group 2' AIRFLOW_CTX_DAG_ID='FinSight_pipeline' AIRFLOW_CTX_TASK_ID='download_upload_data' AIRFLOW_CTX_EXECUTION_DATE='2024-06-09T03:14:22.083352+00:00' AIRFLOW_CTX_TRY_NUMBER='1' AIRFLOW_CTX_DAG_RUN_ID='manual__2024-06-09T03:14:22.083352+00:00'
[2024-06-09T03:14:24.630+0000] {taskinstance.py:430} INFO - ::endgroup::
[2024-06-09T03:14:24.637+0000] {finsight_pipeline_functions.py:21} INFO - Downloading data for NFLX from 2002-01-01 to 2022-12-31.
[2024-06-09T03:14:25.198+0000] {logging_mixin.py:188} WARNING - [*********************100%%**********************]  1 of 1 completed
[2024-06-09T03:14:25.255+0000] {finsight_pipeline_functions.py:27} INFO - Data downloaded and saved as NFLX_stock_data_2002-01-01_2022-12-31.csv
[2024-06-09T03:14:25.255+0000] {python.py:237} INFO - Done. Returned value was: None
[2024-06-09T03:14:25.256+0000] {taskinstance.py:441} INFO - ::group::Post task execution logs
[2024-06-09T03:14:25.260+0000] {taskinstance.py:1206} INFO - Marking task as SUCCESS. dag_id=FinSight_pipeline, task_id=download_upload_data, run_id=manual__2024-06-09T03:14:22.083352+00:00, execution_date=20240609T031422, start_date=20240609T031424, end_date=20240609T031425
[2024-06-09T03:14:25.295+0000] {local_task_job_runner.py:240} INFO - Task exited with return code 0
[2024-06-09T03:14:25.310+0000] {taskinstance.py:3498} INFO - 1 downstream tasks scheduled from follow-on schedule check
[2024-06-09T03:14:25.311+0000] {local_task_job_runner.py:222} INFO - ::endgroup::
