[2024-06-09T04:52:21.951+0000] {local_task_job_runner.py:120} INFO - ::group::Pre task execution logs
[2024-06-09T04:52:21.964+0000] {taskinstance.py:2076} INFO - Dependencies all met for dep_context=non-requeueable deps ti=<TaskInstance: FinSight_pipeline.handle_missing_values_in_training_data manual__2024-06-09T04:52:12.742487+00:00 [queued]>
[2024-06-09T04:52:21.968+0000] {taskinstance.py:2076} INFO - Dependencies all met for dep_context=requeueable deps ti=<TaskInstance: FinSight_pipeline.handle_missing_values_in_training_data manual__2024-06-09T04:52:12.742487+00:00 [queued]>
[2024-06-09T04:52:21.968+0000] {taskinstance.py:2306} INFO - Starting attempt 1 of 1
[2024-06-09T04:52:21.974+0000] {taskinstance.py:2330} INFO - Executing <Task(PythonOperator): handle_missing_values_in_training_data> on 2024-06-09 04:52:12.742487+00:00
[2024-06-09T04:52:21.987+0000] {warnings.py:110} WARNING - /home/***/.local/lib/python3.12/site-packages/***/task/task_runner/standard_task_runner.py:61: DeprecationWarning: This process (pid=2103) is multi-threaded, use of fork() may lead to deadlocks in the child.
  pid = os.fork()

[2024-06-09T04:52:21.989+0000] {standard_task_runner.py:63} INFO - Started process 2132 to run task
[2024-06-09T04:52:21.990+0000] {standard_task_runner.py:90} INFO - Running: ['***', 'tasks', 'run', 'FinSight_pipeline', 'handle_missing_values_in_training_data', 'manual__2024-06-09T04:52:12.742487+00:00', '--job-id', '76', '--raw', '--subdir', 'DAGS_FOLDER/FinSight/finsight_pipeline_taks.py', '--cfg-path', '/tmp/tmps482rfx1']
[2024-06-09T04:52:21.992+0000] {standard_task_runner.py:91} INFO - Job 76: Subtask handle_missing_values_in_training_data
[2024-06-09T04:52:22.020+0000] {task_command.py:426} INFO - Running <TaskInstance: FinSight_pipeline.handle_missing_values_in_training_data manual__2024-06-09T04:52:12.742487+00:00 [running]> on host bc9e3c56deeb
[2024-06-09T04:52:22.083+0000] {taskinstance.py:2648} INFO - Exporting env vars: AIRFLOW_CTX_DAG_OWNER='Group 2' AIRFLOW_CTX_DAG_ID='FinSight_pipeline' AIRFLOW_CTX_TASK_ID='handle_missing_values_in_training_data' AIRFLOW_CTX_EXECUTION_DATE='2024-06-09T04:52:12.742487+00:00' AIRFLOW_CTX_TRY_NUMBER='1' AIRFLOW_CTX_DAG_RUN_ID='manual__2024-06-09T04:52:12.742487+00:00'
[2024-06-09T04:52:22.086+0000] {taskinstance.py:430} INFO - ::endgroup::
[2024-06-09T04:52:22.108+0000] {finsight_pipeline_functions.py:141} INFO - Handling missing values.
[2024-06-09T04:52:22.114+0000] {finsight_pipeline_functions.py:142} INFO - Dataset before handling missing values:
                  Open        High         Low       Close   Adj Close   Volume
Date                                                                           
2005-07-21    2.412857    2.430000    2.364286    2.378571    2.378571  3916500
2009-07-20    6.358571    6.425714    6.232857    6.402857    6.402857  9681000
2005-08-31    3.065714    3.091429    3.014286    3.080000    3.080000  5308100
2022-11-22  284.989990  286.980011  277.339996  286.690002  286.690002  6245100
2007-03-13    3.000000    3.022857    2.928571    2.935714    2.935714  9384200
[2024-06-09T04:52:22.182+0000] {warnings.py:110} WARNING - /opt/***/dags/FinSight/finsight_pipeline_functions.py:149: FutureWarning: Series.fillna with 'method' is deprecated and will raise in a future version. Use obj.ffill() or obj.bfill() instead.
  df['Open'].fillna(method='ffill', inplace=True)

[2024-06-09T04:52:22.183+0000] {warnings.py:110} WARNING - /opt/***/dags/FinSight/finsight_pipeline_functions.py:153: FutureWarning: DataFrame.fillna with 'method' is deprecated and will raise in a future version. Use obj.ffill() or obj.bfill() instead.
  df.fillna(method='ffill', inplace=True)

[2024-06-09T04:52:22.186+0000] {finsight_pipeline_functions.py:155} INFO - Dataset after handling missing values:
                  Open        High         Low       Close   Adj Close   Volume
Date                                                                           
2005-07-21    2.412857    2.430000    2.364286    2.378571    2.378571  3916500
2009-07-20    6.358571    6.425714    6.232857    6.402857    6.402857  9681000
2005-08-31    3.065714    3.091429    3.014286    3.080000    3.080000  5308100
2022-11-22  284.989990  286.980011  277.339996  286.690002  286.690002  6245100
2007-03-13    3.000000    3.022857    2.928571    2.935714    2.935714  9384200
[2024-06-09T04:52:22.186+0000] {python.py:237} INFO - Done. Returned value was:                   Open        High  ...   Adj Close    Volume
Date                                ...                      
2005-07-21    2.412857    2.430000  ...    2.378571   3916500
2009-07-20    6.358571    6.425714  ...    6.402857   9681000
2005-08-31    3.065714    3.091429  ...    3.080000   5308100
2022-11-22  284.989990  286.980011  ...  286.690002   6245100
2007-03-13    3.000000    3.022857  ...    2.935714   9384200
...                ...         ...  ...         ...       ...
2016-11-10  122.760002  122.970001  ...  115.419998  19718700
2013-07-30   35.057144   35.415714  ...   34.822857  10890600
2019-09-09  294.809998  301.549988  ...  294.339996   8232700
2004-08-12    2.270000    2.284286  ...    2.197143  13949600
2003-10-23    3.657857    3.815714  ...    3.723571  23143400

[3735 rows x 6 columns]
[2024-06-09T04:52:22.192+0000] {taskinstance.py:441} INFO - ::group::Post task execution logs
[2024-06-09T04:52:22.221+0000] {taskinstance.py:1206} INFO - Marking task as SUCCESS. dag_id=FinSight_pipeline, task_id=handle_missing_values_in_training_data, run_id=manual__2024-06-09T04:52:12.742487+00:00, execution_date=20240609T045212, start_date=20240609T045221, end_date=20240609T045222
[2024-06-09T04:52:22.251+0000] {local_task_job_runner.py:240} INFO - Task exited with return code 0
[2024-06-09T04:52:22.274+0000] {taskinstance.py:3498} INFO - 1 downstream tasks scheduled from follow-on schedule check
[2024-06-09T04:52:22.276+0000] {local_task_job_runner.py:222} INFO - ::endgroup::
