[2024-06-09T03:17:04.324+0000] {local_task_job_runner.py:120} INFO - ::group::Pre task execution logs
[2024-06-09T03:17:04.336+0000] {taskinstance.py:2076} INFO - Dependencies all met for dep_context=non-requeueable deps ti=<TaskInstance: FinSight_pipeline.download_upload_data manual__2024-06-09T03:17:02.344786+00:00 [queued]>
[2024-06-09T03:17:04.339+0000] {taskinstance.py:2076} INFO - Dependencies all met for dep_context=requeueable deps ti=<TaskInstance: FinSight_pipeline.download_upload_data manual__2024-06-09T03:17:02.344786+00:00 [queued]>
[2024-06-09T03:17:04.339+0000] {taskinstance.py:2306} INFO - Starting attempt 1 of 1
[2024-06-09T03:17:04.345+0000] {taskinstance.py:2330} INFO - Executing <Task(PythonOperator): download_upload_data> on 2024-06-09 03:17:02.344786+00:00
[2024-06-09T03:17:04.350+0000] {warnings.py:110} WARNING - /home/***/.local/lib/python3.12/site-packages/***/task/task_runner/standard_task_runner.py:61: DeprecationWarning: This process (pid=854) is multi-threaded, use of fork() may lead to deadlocks in the child.
  pid = os.fork()

[2024-06-09T03:17:04.351+0000] {standard_task_runner.py:63} INFO - Started process 864 to run task
[2024-06-09T03:17:04.352+0000] {standard_task_runner.py:90} INFO - Running: ['***', 'tasks', 'run', 'FinSight_pipeline', 'download_upload_data', 'manual__2024-06-09T03:17:02.344786+00:00', '--job-id', '62', '--raw', '--subdir', 'DAGS_FOLDER/FinSight/finsight_pipeline_taks.py', '--cfg-path', '/tmp/tmp_0q5z7ii']
[2024-06-09T03:17:04.354+0000] {standard_task_runner.py:91} INFO - Job 62: Subtask download_upload_data
[2024-06-09T03:17:04.393+0000] {task_command.py:426} INFO - Running <TaskInstance: FinSight_pipeline.download_upload_data manual__2024-06-09T03:17:02.344786+00:00 [running]> on host bc9e3c56deeb
[2024-06-09T03:17:04.439+0000] {taskinstance.py:2648} INFO - Exporting env vars: AIRFLOW_CTX_DAG_OWNER='Group 2' AIRFLOW_CTX_DAG_ID='FinSight_pipeline' AIRFLOW_CTX_TASK_ID='download_upload_data' AIRFLOW_CTX_EXECUTION_DATE='2024-06-09T03:17:02.344786+00:00' AIRFLOW_CTX_TRY_NUMBER='1' AIRFLOW_CTX_DAG_RUN_ID='manual__2024-06-09T03:17:02.344786+00:00'
[2024-06-09T03:17:04.440+0000] {taskinstance.py:430} INFO - ::endgroup::
[2024-06-09T03:17:04.448+0000] {finsight_pipeline_functions.py:21} INFO - Downloading data for NFLX from 2002-01-01 to 2022-12-31.
[2024-06-09T03:17:04.875+0000] {logging_mixin.py:188} WARNING - [*********************100%%**********************]  1 of 1 completed
[2024-06-09T03:17:04.930+0000] {finsight_pipeline_functions.py:27} INFO - Data downloaded and saved as NFLX_stock_data_2002-01-01_2022-12-31.csv
[2024-06-09T03:17:04.930+0000] {python.py:237} INFO - Done. Returned value was: None
[2024-06-09T03:17:04.931+0000] {taskinstance.py:441} INFO - ::group::Post task execution logs
[2024-06-09T03:17:04.935+0000] {taskinstance.py:1206} INFO - Marking task as SUCCESS. dag_id=FinSight_pipeline, task_id=download_upload_data, run_id=manual__2024-06-09T03:17:02.344786+00:00, execution_date=20240609T031702, start_date=20240609T031704, end_date=20240609T031704
[2024-06-09T03:17:04.945+0000] {local_task_job_runner.py:240} INFO - Task exited with return code 0
[2024-06-09T03:17:04.961+0000] {taskinstance.py:3498} INFO - 1 downstream tasks scheduled from follow-on schedule check
[2024-06-09T03:17:04.963+0000] {local_task_job_runner.py:222} INFO - ::endgroup::
